<?xml version="1.0" encoding="UTF-8"?>
<!-- Generated by org.testng.reporters.JUnitReportReporter -->
<testsuite hostname="PINELABS12356" name="com.Go_Jek.Amazon.MainTestPackage.AmazonCartMainclass" tests="1" failures="0" timestamp="6 Apr 2019 11:04:20 GMT" time="0.005" errors="0">
  <testcase name="DirectToCreateCampaignScreen" time="0.005" classname="com.Go_Jek.Amazon.MainTestPackage.AmazonCartMainclass"/>
</testsuite> <!-- com.Go_Jek.Amazon.MainTestPackage.AmazonCartMainclass -->
